<?xml version="1.0" encoding="UTF-8"?>
<robot generator="Robot 5.0.1 (Python 3.8.9 on darwin)" generated="20220904 00:38:45.668" rpa="false" schemaversion="3">
<suite id="s1" name="Tests" source="/Users/mark/Documents/documentCompany/SetRobotFrameWork/tests">
<suite id="s1-s1" name="Header" source="/Users/mark/Documents/documentCompany/SetRobotFrameWork/tests/header.robot">
<test id="s1-s1-t1" name="Smoke Test" line="9">
<kw name="Common Begin Web Test" type="SETUP">
<tag>Gary</tag>
<doc>Open BitoPro Home Page</doc>
<kw name="Open Browser" library="SeleniumLibrary">
<arg>${bitopro_home_link}</arg>
<arg>chrome</arg>
<arg>executable_path=${get_chrome_path}</arg>
<doc>Opens a new browser instance to the optional ``url``.</doc>
<msg timestamp="20220904 00:38:47.951" level="INFO">Opening browser 'chrome' to base url 'https://www.bitopro.com/ns/home'.</msg>
<status status="PASS" starttime="20220904 00:38:47.949" endtime="20220904 00:39:04.537"/>
</kw>
<status status="PASS" starttime="20220904 00:38:47.948" endtime="20220904 00:39:04.537"/>
</kw>
<kw name="Set Variable" library="BuiltIn">
<var>${STRING}</var>
<arg>Ron Ron</arg>
<doc>Returns the given values which can then be assigned to a variables.</doc>
<msg timestamp="20220904 00:39:04.539" level="INFO">${STRING} = Ron Ron</msg>
<status status="PASS" starttime="20220904 00:39:04.539" endtime="20220904 00:39:04.539"/>
</kw>
<kw name="Common End Web Test" type="TEARDOWN">
<kw name="Close Browser" library="SeleniumLibrary">
<doc>Closes the current browser.</doc>
<status status="PASS" starttime="20220904 00:39:04.541" endtime="20220904 00:39:04.767"/>
</kw>
<status status="PASS" starttime="20220904 00:39:04.540" endtime="20220904 00:39:04.767"/>
</kw>
<doc>ffff</doc>
<tag>smoke</tag>
<status status="PASS" starttime="20220904 00:38:47.946" endtime="20220904 00:39:04.767"/>
</test>
<test id="s1-s1-t2" name="Chrome Test" line="16">
<kw name="Set Variable" library="BuiltIn">
<var>${STRING}</var>
<arg>Ron Ron</arg>
<doc>Returns the given values which can then be assigned to a variables.</doc>
<msg timestamp="20220904 00:39:04.770" level="INFO">${STRING} = Ron Ron</msg>
<status status="PASS" starttime="20220904 00:39:04.769" endtime="20220904 00:39:04.770"/>
</kw>
<kw name="Log" library="BuiltIn">
<arg>${login_text}</arg>
<doc>Logs the given message with the given level.</doc>
<msg timestamp="20220904 00:39:04.770" level="INFO"/>
<status status="PASS" starttime="20220904 00:39:04.770" endtime="20220904 00:39:04.770"/>
</kw>
<kw name="Log" library="BuiltIn">
<arg>${header_text}</arg>
<doc>Logs the given message with the given level.</doc>
<msg timestamp="20220904 00:39:04.771" level="INFO">header</msg>
<status status="PASS" starttime="20220904 00:39:04.771" endtime="20220904 00:39:04.771"/>
</kw>
<kw name="Log" library="BuiltIn">
<arg>${index_text}</arg>
<doc>Logs the given message with the given level.</doc>
<msg timestamp="20220904 00:39:04.772" level="INFO">index_text</msg>
<status status="PASS" starttime="20220904 00:39:04.771" endtime="20220904 00:39:04.772"/>
</kw>
<doc>ffsdf</doc>
<tag>chrome</tag>
<status status="PASS" starttime="20220904 00:39:04.768" endtime="20220904 00:39:04.772"/>
</test>
<status status="PASS" starttime="20220904 00:38:45.710" endtime="20220904 00:39:04.773"/>
</suite>
<suite id="s1-s2" name="Index" source="/Users/mark/Documents/documentCompany/SetRobotFrameWork/tests/index.robot">
<test id="s1-s2-t1" name="我是測試用例的標題-Ron" line="28">
<kw name="Log" library="BuiltIn">
<arg>${STRING}</arg>
<doc>Logs the given message with the given level.</doc>
<msg timestamp="20220904 00:39:04.798" level="INFO">Mark</msg>
<status status="PASS" starttime="20220904 00:39:04.797" endtime="20220904 00:39:04.798"/>
</kw>
<kw name="Should Be Equal" library="BuiltIn">
<arg>${STRING}</arg>
<arg>${DICTIONARY}</arg>
<doc>Fails if the given objects are unequal.</doc>
<msg timestamp="20220904 00:39:04.799" level="INFO">Argument types are:
&lt;class 'str'&gt;
&lt;class 'robot.utils.dotdict.DotDict'&gt;</msg>
<msg timestamp="20220904 00:39:04.799" level="FAIL">Mark != {'string': 'Mark', 'number': 718, 'list': ['Ron', 'Gary', 'Mark', 'Una', 'Lucy', 'Joan', 'Sam', 'Sorott']}</msg>
<status status="FAIL" starttime="20220904 00:39:04.799" endtime="20220904 00:39:04.800"/>
</kw>
<kw name="Set Variable" library="BuiltIn">
<var>${STRING}</var>
<arg>Ron Ron</arg>
<doc>Returns the given values which can then be assigned to a variables.</doc>
<status status="NOT RUN" starttime="20220904 00:39:04.800" endtime="20220904 00:39:04.800"/>
</kw>
<kw name="Log" library="BuiltIn">
<arg>${STRING}</arg>
<doc>Logs the given message with the given level.</doc>
<status status="NOT RUN" starttime="20220904 00:39:04.801" endtime="20220904 00:39:04.801"/>
</kw>
<doc>敘述這條 Ron test case 做什麼用途</doc>
<tag>Ron</tag>
<status status="FAIL" starttime="20220904 00:39:04.794" endtime="20220904 00:39:04.802">Mark != {'string': 'Mark', 'number': 718, 'list': ['Ron', 'Gary', 'Mark', 'Una', 'Lucy', 'Joan', 'Sam', 'Sorott']}</status>
</test>
<test id="s1-s2-t2" name="我是測試用例的標題-Ron1" line="38">
<kw name="Log" library="BuiltIn">
<arg>${STRING}</arg>
<doc>Logs the given message with the given level.</doc>
<msg timestamp="20220904 00:39:04.804" level="INFO">Mark</msg>
<status status="PASS" starttime="20220904 00:39:04.804" endtime="20220904 00:39:04.804"/>
</kw>
<kw name="Set Variable" library="BuiltIn">
<var>${STRING}</var>
<arg>Ron Ron</arg>
<doc>Returns the given values which can then be assigned to a variables.</doc>
<msg timestamp="20220904 00:39:04.804" level="INFO">${STRING} = Ron Ron</msg>
<status status="PASS" starttime="20220904 00:39:04.804" endtime="20220904 00:39:04.805"/>
</kw>
<kw name="Log" library="BuiltIn">
<arg>${STRING}</arg>
<doc>Logs the given message with the given level.</doc>
<msg timestamp="20220904 00:39:04.805" level="INFO">Ron Ron</msg>
<status status="PASS" starttime="20220904 00:39:04.805" endtime="20220904 00:39:04.805"/>
</kw>
<kw name="Log" library="BuiltIn">
<arg>${login_text}</arg>
<doc>Logs the given message with the given level.</doc>
<msg timestamp="20220904 00:39:04.806" level="INFO"/>
<status status="PASS" starttime="20220904 00:39:04.805" endtime="20220904 00:39:04.806"/>
</kw>
<kw name="Log" library="BuiltIn">
<arg>${header_text}</arg>
<doc>Logs the given message with the given level.</doc>
<msg timestamp="20220904 00:39:04.806" level="INFO">header</msg>
<status status="PASS" starttime="20220904 00:39:04.806" endtime="20220904 00:39:04.806"/>
</kw>
<kw name="Log" library="BuiltIn">
<arg>${index_text}</arg>
<doc>Logs the given message with the given level.</doc>
<msg timestamp="20220904 00:39:04.807" level="INFO">index_text</msg>
<status status="PASS" starttime="20220904 00:39:04.807" endtime="20220904 00:39:04.807"/>
</kw>
<doc>敘述這條 Ron test case 做什麼用途</doc>
<tag>Ron</tag>
<status status="PASS" starttime="20220904 00:39:04.802" endtime="20220904 00:39:04.808"/>
</test>
<test id="s1-s2-t3" name="陣列跑迴圈" line="51">
<kw name="Log" library="BuiltIn">
<arg>${LIST}</arg>
<doc>Logs the given message with the given level.</doc>
<msg timestamp="20220904 00:39:04.811" level="INFO">['Ron', 'Gary', 'Mark', 'Una', 'Lucy', 'Joan', 'Sam', 'Sorott']</msg>
<status status="PASS" starttime="20220904 00:39:04.810" endtime="20220904 00:39:04.811"/>
</kw>
<for flavor="IN">
<var>${item}</var>
<value>@{LIST}</value>
<iter>
<var name="${item}">Ron</var>
<kw name="Log" library="BuiltIn">
<arg>${item}</arg>
<doc>Logs the given message with the given level.</doc>
<msg timestamp="20220904 00:39:04.812" level="INFO">Ron</msg>
<status status="PASS" starttime="20220904 00:39:04.812" endtime="20220904 00:39:04.812"/>
</kw>
<status status="PASS" starttime="20220904 00:39:04.812" endtime="20220904 00:39:04.812"/>
</iter>
<iter>
<var name="${item}">Gary</var>
<kw name="Log" library="BuiltIn">
<arg>${item}</arg>
<doc>Logs the given message with the given level.</doc>
<msg timestamp="20220904 00:39:04.813" level="INFO">Gary</msg>
<status status="PASS" starttime="20220904 00:39:04.813" endtime="20220904 00:39:04.813"/>
</kw>
<status status="PASS" starttime="20220904 00:39:04.812" endtime="20220904 00:39:04.813"/>
</iter>
<iter>
<var name="${item}">Mark</var>
<kw name="Log" library="BuiltIn">
<arg>${item}</arg>
<doc>Logs the given message with the given level.</doc>
<msg timestamp="20220904 00:39:04.814" level="INFO">Mark</msg>
<status status="PASS" starttime="20220904 00:39:04.814" endtime="20220904 00:39:04.814"/>
</kw>
<status status="PASS" starttime="20220904 00:39:04.813" endtime="20220904 00:39:04.814"/>
</iter>
<iter>
<var name="${item}">Una</var>
<kw name="Log" library="BuiltIn">
<arg>${item}</arg>
<doc>Logs the given message with the given level.</doc>
<msg timestamp="20220904 00:39:04.815" level="INFO">Una</msg>
<status status="PASS" starttime="20220904 00:39:04.814" endtime="20220904 00:39:04.815"/>
</kw>
<status status="PASS" starttime="20220904 00:39:04.814" endtime="20220904 00:39:04.815"/>
</iter>
<iter>
<var name="${item}">Lucy</var>
<kw name="Log" library="BuiltIn">
<arg>${item}</arg>
<doc>Logs the given message with the given level.</doc>
<msg timestamp="20220904 00:39:04.815" level="INFO">Lucy</msg>
<status status="PASS" starttime="20220904 00:39:04.815" endtime="20220904 00:39:04.815"/>
</kw>
<status status="PASS" starttime="20220904 00:39:04.815" endtime="20220904 00:39:04.815"/>
</iter>
<iter>
<var name="${item}">Joan</var>
<kw name="Log" library="BuiltIn">
<arg>${item}</arg>
<doc>Logs the given message with the given level.</doc>
<msg timestamp="20220904 00:39:04.815" level="INFO">Joan</msg>
<status status="PASS" starttime="20220904 00:39:04.815" endtime="20220904 00:39:04.816"/>
</kw>
<status status="PASS" starttime="20220904 00:39:04.815" endtime="20220904 00:39:04.816"/>
</iter>
<iter>
<var name="${item}">Sam</var>
<kw name="Log" library="BuiltIn">
<arg>${item}</arg>
<doc>Logs the given message with the given level.</doc>
<msg timestamp="20220904 00:39:04.816" level="INFO">Sam</msg>
<status status="PASS" starttime="20220904 00:39:04.816" endtime="20220904 00:39:04.816"/>
</kw>
<status status="PASS" starttime="20220904 00:39:04.816" endtime="20220904 00:39:04.816"/>
</iter>
<iter>
<var name="${item}">Sorott</var>
<kw name="Log" library="BuiltIn">
<arg>${item}</arg>
<doc>Logs the given message with the given level.</doc>
<msg timestamp="20220904 00:39:04.817" level="INFO">Sorott</msg>
<status status="PASS" starttime="20220904 00:39:04.817" endtime="20220904 00:39:04.817"/>
</kw>
<status status="PASS" starttime="20220904 00:39:04.817" endtime="20220904 00:39:04.817"/>
</iter>
<status status="PASS" starttime="20220904 00:39:04.811" endtime="20220904 00:39:04.818"/>
</for>
<for flavor="IN">
<var>${item}</var>
<value>one</value>
<value>two</value>
<value>three</value>
<iter>
<var name="${item}">one</var>
<kw name="Log" library="BuiltIn">
<arg>${item}</arg>
<doc>Logs the given message with the given level.</doc>
<msg timestamp="20220904 00:39:04.818" level="INFO">one</msg>
<status status="PASS" starttime="20220904 00:39:04.818" endtime="20220904 00:39:04.818"/>
</kw>
<status status="PASS" starttime="20220904 00:39:04.818" endtime="20220904 00:39:04.818"/>
</iter>
<iter>
<var name="${item}">two</var>
<kw name="Log" library="BuiltIn">
<arg>${item}</arg>
<doc>Logs the given message with the given level.</doc>
<msg timestamp="20220904 00:39:04.819" level="INFO">two</msg>
<status status="PASS" starttime="20220904 00:39:04.818" endtime="20220904 00:39:04.819"/>
</kw>
<status status="PASS" starttime="20220904 00:39:04.818" endtime="20220904 00:39:04.819"/>
</iter>
<iter>
<var name="${item}">three</var>
<kw name="Log" library="BuiltIn">
<arg>${item}</arg>
<doc>Logs the given message with the given level.</doc>
<msg timestamp="20220904 00:39:04.819" level="INFO">three</msg>
<status status="PASS" starttime="20220904 00:39:04.819" endtime="20220904 00:39:04.819"/>
</kw>
<status status="PASS" starttime="20220904 00:39:04.819" endtime="20220904 00:39:04.819"/>
</iter>
<status status="PASS" starttime="20220904 00:39:04.818" endtime="20220904 00:39:04.819"/>
</for>
<tag>Ron</tag>
<status status="PASS" starttime="20220904 00:39:04.809" endtime="20220904 00:39:04.819"/>
</test>
<test id="s1-s2-t4" name="字典跑迴圈" line="63">
<kw name="Log" library="BuiltIn">
<arg>${DICTIONARY}</arg>
<doc>Logs the given message with the given level.</doc>
<msg timestamp="20220904 00:39:04.822" level="INFO">{'string': 'Mark', 'number': 718, 'list': ['Ron', 'Gary', 'Mark', 'Una', 'Lucy', 'Joan', 'Sam', 'Sorott']}</msg>
<status status="PASS" starttime="20220904 00:39:04.821" endtime="20220904 00:39:04.822"/>
</kw>
<for flavor="IN">
<var>${key_value_tuple}</var>
<value>&amp;{DICTIONARY}</value>
<iter>
<var name="${key_value_tuple}">('string', 'Mark')</var>
<kw name="Log" library="BuiltIn">
<arg>${key_value_tuple}</arg>
<doc>Logs the given message with the given level.</doc>
<msg timestamp="20220904 00:39:04.824" level="INFO">('string', 'Mark')</msg>
<status status="PASS" starttime="20220904 00:39:04.823" endtime="20220904 00:39:04.824"/>
</kw>
<status status="PASS" starttime="20220904 00:39:04.823" endtime="20220904 00:39:04.824"/>
</iter>
<iter>
<var name="${key_value_tuple}">('number', 718)</var>
<kw name="Log" library="BuiltIn">
<arg>${key_value_tuple}</arg>
<doc>Logs the given message with the given level.</doc>
<msg timestamp="20220904 00:39:04.825" level="INFO">('number', 718)</msg>
<status status="PASS" starttime="20220904 00:39:04.824" endtime="20220904 00:39:04.825"/>
</kw>
<status status="PASS" starttime="20220904 00:39:04.824" endtime="20220904 00:39:04.825"/>
</iter>
<iter>
<var name="${key_value_tuple}">('list', ['Ron', 'Gary', 'Mark', 'Una', 'Lucy', 'Joan', 'Sam', 'Sorott'])</var>
<kw name="Log" library="BuiltIn">
<arg>${key_value_tuple}</arg>
<doc>Logs the given message with the given level.</doc>
<msg timestamp="20220904 00:39:04.826" level="INFO">('list', ['Ron', 'Gary', 'Mark', 'Una', 'Lucy', 'Joan', 'Sam', 'Sorott'])</msg>
<status status="PASS" starttime="20220904 00:39:04.826" endtime="20220904 00:39:04.826"/>
</kw>
<status status="PASS" starttime="20220904 00:39:04.826" endtime="20220904 00:39:04.826"/>
</iter>
<status status="PASS" starttime="20220904 00:39:04.823" endtime="20220904 00:39:04.826"/>
</for>
<for flavor="IN">
<var>${key}</var>
<value>@{DICTIONARY}</value>
<iter>
<var name="${key}">string</var>
<kw name="Log" library="BuiltIn">
<arg>${key}=${DICTIONARY}[${key}]</arg>
<doc>Logs the given message with the given level.</doc>
<msg timestamp="20220904 00:39:04.828" level="INFO">string=Mark</msg>
<status status="PASS" starttime="20220904 00:39:04.828" endtime="20220904 00:39:04.828"/>
</kw>
<status status="PASS" starttime="20220904 00:39:04.827" endtime="20220904 00:39:04.828"/>
</iter>
<iter>
<var name="${key}">number</var>
<kw name="Log" library="BuiltIn">
<arg>${key}=${DICTIONARY}[${key}]</arg>
<doc>Logs the given message with the given level.</doc>
<msg timestamp="20220904 00:39:04.829" level="INFO">number=718</msg>
<status status="PASS" starttime="20220904 00:39:04.828" endtime="20220904 00:39:04.829"/>
</kw>
<status status="PASS" starttime="20220904 00:39:04.828" endtime="20220904 00:39:04.829"/>
</iter>
<iter>
<var name="${key}">list</var>
<kw name="Log" library="BuiltIn">
<arg>${key}=${DICTIONARY}[${key}]</arg>
<doc>Logs the given message with the given level.</doc>
<msg timestamp="20220904 00:39:04.830" level="INFO">list=['Ron', 'Gary', 'Mark', 'Una', 'Lucy', 'Joan', 'Sam', 'Sorott']</msg>
<status status="PASS" starttime="20220904 00:39:04.830" endtime="20220904 00:39:04.830"/>
</kw>
<status status="PASS" starttime="20220904 00:39:04.829" endtime="20220904 00:39:04.830"/>
</iter>
<status status="PASS" starttime="20220904 00:39:04.826" endtime="20220904 00:39:04.830"/>
</for>
<kw name="Log" library="BuiltIn">
<arg>${DICTIONARY}[string]</arg>
<doc>Logs the given message with the given level.</doc>
<msg timestamp="20220904 00:39:04.831" level="INFO">Mark</msg>
<status status="PASS" starttime="20220904 00:39:04.831" endtime="20220904 00:39:04.831"/>
</kw>
<kw name="Log" library="BuiltIn">
<arg>${DICTIONARY}[number]</arg>
<doc>Logs the given message with the given level.</doc>
<msg timestamp="20220904 00:39:04.832" level="INFO">718</msg>
<status status="PASS" starttime="20220904 00:39:04.831" endtime="20220904 00:39:04.832"/>
</kw>
<kw name="Log" library="BuiltIn">
<arg>${DICTIONARY}[list]</arg>
<doc>Logs the given message with the given level.</doc>
<msg timestamp="20220904 00:39:04.833" level="INFO">['Ron', 'Gary', 'Mark', 'Una', 'Lucy', 'Joan', 'Sam', 'Sorott']</msg>
<status status="PASS" starttime="20220904 00:39:04.832" endtime="20220904 00:39:04.833"/>
</kw>
<tag>Mark</tag>
<tag>Ron</tag>
<status status="PASS" starttime="20220904 00:39:04.820" endtime="20220904 00:39:04.833"/>
</test>
<test id="s1-s2-t5" name="印出 0 - 9" line="80">
<for flavor="IN RANGE">
<var>${index}</var>
<value>10</value>
<iter>
<var name="${index}">0</var>
<kw name="Log" library="BuiltIn">
<arg>${index}</arg>
<doc>Logs the given message with the given level.</doc>
<msg timestamp="20220904 00:39:04.835" level="INFO">0</msg>
<status status="PASS" starttime="20220904 00:39:04.835" endtime="20220904 00:39:04.835"/>
</kw>
<status status="PASS" starttime="20220904 00:39:04.835" endtime="20220904 00:39:04.836"/>
</iter>
<iter>
<var name="${index}">1</var>
<kw name="Log" library="BuiltIn">
<arg>${index}</arg>
<doc>Logs the given message with the given level.</doc>
<msg timestamp="20220904 00:39:04.836" level="INFO">1</msg>
<status status="PASS" starttime="20220904 00:39:04.836" endtime="20220904 00:39:04.836"/>
</kw>
<status status="PASS" starttime="20220904 00:39:04.836" endtime="20220904 00:39:04.836"/>
</iter>
<iter>
<var name="${index}">2</var>
<kw name="Log" library="BuiltIn">
<arg>${index}</arg>
<doc>Logs the given message with the given level.</doc>
<msg timestamp="20220904 00:39:04.837" level="INFO">2</msg>
<status status="PASS" starttime="20220904 00:39:04.837" endtime="20220904 00:39:04.837"/>
</kw>
<status status="PASS" starttime="20220904 00:39:04.836" endtime="20220904 00:39:04.837"/>
</iter>
<iter>
<var name="${index}">3</var>
<kw name="Log" library="BuiltIn">
<arg>${index}</arg>
<doc>Logs the given message with the given level.</doc>
<msg timestamp="20220904 00:39:04.838" level="INFO">3</msg>
<status status="PASS" starttime="20220904 00:39:04.837" endtime="20220904 00:39:04.838"/>
</kw>
<status status="PASS" starttime="20220904 00:39:04.837" endtime="20220904 00:39:04.838"/>
</iter>
<iter>
<var name="${index}">4</var>
<kw name="Log" library="BuiltIn">
<arg>${index}</arg>
<doc>Logs the given message with the given level.</doc>
<msg timestamp="20220904 00:39:04.839" level="INFO">4</msg>
<status status="PASS" starttime="20220904 00:39:04.839" endtime="20220904 00:39:04.839"/>
</kw>
<status status="PASS" starttime="20220904 00:39:04.839" endtime="20220904 00:39:04.839"/>
</iter>
<iter>
<var name="${index}">5</var>
<kw name="Log" library="BuiltIn">
<arg>${index}</arg>
<doc>Logs the given message with the given level.</doc>
<msg timestamp="20220904 00:39:04.840" level="INFO">5</msg>
<status status="PASS" starttime="20220904 00:39:04.840" endtime="20220904 00:39:04.840"/>
</kw>
<status status="PASS" starttime="20220904 00:39:04.840" endtime="20220904 00:39:04.840"/>
</iter>
<iter>
<var name="${index}">6</var>
<kw name="Log" library="BuiltIn">
<arg>${index}</arg>
<doc>Logs the given message with the given level.</doc>
<msg timestamp="20220904 00:39:04.842" level="INFO">6</msg>
<status status="PASS" starttime="20220904 00:39:04.841" endtime="20220904 00:39:04.842"/>
</kw>
<status status="PASS" starttime="20220904 00:39:04.840" endtime="20220904 00:39:04.842"/>
</iter>
<iter>
<var name="${index}">7</var>
<kw name="Log" library="BuiltIn">
<arg>${index}</arg>
<doc>Logs the given message with the given level.</doc>
<msg timestamp="20220904 00:39:04.843" level="INFO">7</msg>
<status status="PASS" starttime="20220904 00:39:04.843" endtime="20220904 00:39:04.843"/>
</kw>
<status status="PASS" starttime="20220904 00:39:04.842" endtime="20220904 00:39:04.843"/>
</iter>
<iter>
<var name="${index}">8</var>
<kw name="Log" library="BuiltIn">
<arg>${index}</arg>
<doc>Logs the given message with the given level.</doc>
<msg timestamp="20220904 00:39:04.844" level="INFO">8</msg>
<status status="PASS" starttime="20220904 00:39:04.843" endtime="20220904 00:39:04.845"/>
</kw>
<status status="PASS" starttime="20220904 00:39:04.843" endtime="20220904 00:39:04.845"/>
</iter>
<iter>
<var name="${index}">9</var>
<kw name="Log" library="BuiltIn">
<arg>${index}</arg>
<doc>Logs the given message with the given level.</doc>
<msg timestamp="20220904 00:39:04.845" level="INFO">9</msg>
<status status="PASS" starttime="20220904 00:39:04.845" endtime="20220904 00:39:04.845"/>
</kw>
<status status="PASS" starttime="20220904 00:39:04.845" endtime="20220904 00:39:04.845"/>
</iter>
<status status="PASS" starttime="20220904 00:39:04.835" endtime="20220904 00:39:04.846"/>
</for>
<tag>Gary</tag>
<status status="PASS" starttime="20220904 00:39:04.834" endtime="20220904 00:39:04.846"/>
</test>
<doc>A simple for loop example.</doc>
<status status="FAIL" starttime="20220904 00:39:04.775" endtime="20220904 00:39:04.847"/>
</suite>
<suite id="s1-s3" name="Login" source="/Users/mark/Documents/documentCompany/SetRobotFrameWork/tests/login.robot">
<test id="s1-s3-t1" name="我是測試用例的標題-1111111" line="28">
<kw name="Log" library="BuiltIn">
<arg>${STRING}</arg>
<doc>Logs the given message with the given level.</doc>
<msg timestamp="20220904 00:39:04.868" level="INFO">Mark</msg>
<status status="PASS" starttime="20220904 00:39:04.868" endtime="20220904 00:39:04.868"/>
</kw>
<kw name="Should Be Equal" library="BuiltIn">
<arg>${STRING}</arg>
<arg>${DICTIONARY}</arg>
<doc>Fails if the given objects are unequal.</doc>
<msg timestamp="20220904 00:39:04.868" level="INFO">Argument types are:
&lt;class 'str'&gt;
&lt;class 'robot.utils.dotdict.DotDict'&gt;</msg>
<msg timestamp="20220904 00:39:04.869" level="FAIL">Mark != {'string': 'Mark', 'number': 718, 'list': ['Ron', 'Gary', 'Mark', 'Una', 'Lucy', 'Joan', 'Sam', 'Sorott']}</msg>
<status status="FAIL" starttime="20220904 00:39:04.868" endtime="20220904 00:39:04.869"/>
</kw>
<kw name="Set Variable" library="BuiltIn">
<var>${STRING}</var>
<arg>Ron Ron</arg>
<doc>Returns the given values which can then be assigned to a variables.</doc>
<status status="NOT RUN" starttime="20220904 00:39:04.869" endtime="20220904 00:39:04.869"/>
</kw>
<kw name="Log" library="BuiltIn">
<arg>${STRING}</arg>
<doc>Logs the given message with the given level.</doc>
<status status="NOT RUN" starttime="20220904 00:39:04.869" endtime="20220904 00:39:04.869"/>
</kw>
<doc>fffff</doc>
<tag>Ron</tag>
<status status="FAIL" starttime="20220904 00:39:04.866" endtime="20220904 00:39:04.870">Mark != {'string': 'Mark', 'number': 718, 'list': ['Ron', 'Gary', 'Mark', 'Una', 'Lucy', 'Joan', 'Sam', 'Sorott']}</status>
</test>
<test id="s1-s3-t2" name="我是測試用例的標題-1111" line="38">
<kw name="Log" library="BuiltIn">
<arg>${STRING}</arg>
<doc>Logs the given message with the given level.</doc>
<msg timestamp="20220904 00:39:04.873" level="INFO">Mark</msg>
<status status="PASS" starttime="20220904 00:39:04.872" endtime="20220904 00:39:04.873"/>
</kw>
<kw name="Set Variable" library="BuiltIn">
<var>${STRING}</var>
<arg>Ron Ron</arg>
<doc>Returns the given values which can then be assigned to a variables.</doc>
<msg timestamp="20220904 00:39:04.874" level="INFO">${STRING} = Ron Ron</msg>
<status status="PASS" starttime="20220904 00:39:04.873" endtime="20220904 00:39:04.874"/>
</kw>
<kw name="Log" library="BuiltIn">
<arg>${STRING}</arg>
<doc>Logs the given message with the given level.</doc>
<msg timestamp="20220904 00:39:04.874" level="INFO">Ron Ron</msg>
<status status="PASS" starttime="20220904 00:39:04.874" endtime="20220904 00:39:04.874"/>
</kw>
<doc>ddddd</doc>
<tag>Ron</tag>
<status status="PASS" starttime="20220904 00:39:04.871" endtime="20220904 00:39:04.875"/>
</test>
<test id="s1-s3-t3" name="markTest" line="48">
<kw name="Log" library="BuiltIn">
<arg>${LIST}</arg>
<doc>Logs the given message with the given level.</doc>
<msg timestamp="20220904 00:39:04.876" level="INFO">['Ron', 'Gary', 'Mark', 'Una', 'Lucy', 'Joan', 'Sam', 'Sorott']</msg>
<status status="PASS" starttime="20220904 00:39:04.876" endtime="20220904 00:39:04.876"/>
</kw>
<for flavor="IN">
<var>${item}</var>
<value>@{LIST}</value>
<iter>
<var name="${item}">Ron</var>
<kw name="Log" library="BuiltIn">
<arg>${item}</arg>
<doc>Logs the given message with the given level.</doc>
<msg timestamp="20220904 00:39:04.877" level="INFO">Ron</msg>
<status status="PASS" starttime="20220904 00:39:04.877" endtime="20220904 00:39:04.877"/>
</kw>
<status status="PASS" starttime="20220904 00:39:04.877" endtime="20220904 00:39:04.878"/>
</iter>
<iter>
<var name="${item}">Gary</var>
<kw name="Log" library="BuiltIn">
<arg>${item}</arg>
<doc>Logs the given message with the given level.</doc>
<msg timestamp="20220904 00:39:04.878" level="INFO">Gary</msg>
<status status="PASS" starttime="20220904 00:39:04.878" endtime="20220904 00:39:04.878"/>
</kw>
<status status="PASS" starttime="20220904 00:39:04.878" endtime="20220904 00:39:04.878"/>
</iter>
<iter>
<var name="${item}">Mark</var>
<kw name="Log" library="BuiltIn">
<arg>${item}</arg>
<doc>Logs the given message with the given level.</doc>
<msg timestamp="20220904 00:39:04.879" level="INFO">Mark</msg>
<status status="PASS" starttime="20220904 00:39:04.879" endtime="20220904 00:39:04.879"/>
</kw>
<status status="PASS" starttime="20220904 00:39:04.879" endtime="20220904 00:39:04.879"/>
</iter>
<iter>
<var name="${item}">Una</var>
<kw name="Log" library="BuiltIn">
<arg>${item}</arg>
<doc>Logs the given message with the given level.</doc>
<msg timestamp="20220904 00:39:04.880" level="INFO">Una</msg>
<status status="PASS" starttime="20220904 00:39:04.880" endtime="20220904 00:39:04.880"/>
</kw>
<status status="PASS" starttime="20220904 00:39:04.879" endtime="20220904 00:39:04.880"/>
</iter>
<iter>
<var name="${item}">Lucy</var>
<kw name="Log" library="BuiltIn">
<arg>${item}</arg>
<doc>Logs the given message with the given level.</doc>
<msg timestamp="20220904 00:39:04.881" level="INFO">Lucy</msg>
<status status="PASS" starttime="20220904 00:39:04.880" endtime="20220904 00:39:04.881"/>
</kw>
<status status="PASS" starttime="20220904 00:39:04.880" endtime="20220904 00:39:04.881"/>
</iter>
<iter>
<var name="${item}">Joan</var>
<kw name="Log" library="BuiltIn">
<arg>${item}</arg>
<doc>Logs the given message with the given level.</doc>
<msg timestamp="20220904 00:39:04.883" level="INFO">Joan</msg>
<status status="PASS" starttime="20220904 00:39:04.882" endtime="20220904 00:39:04.883"/>
</kw>
<status status="PASS" starttime="20220904 00:39:04.882" endtime="20220904 00:39:04.883"/>
</iter>
<iter>
<var name="${item}">Sam</var>
<kw name="Log" library="BuiltIn">
<arg>${item}</arg>
<doc>Logs the given message with the given level.</doc>
<msg timestamp="20220904 00:39:04.884" level="INFO">Sam</msg>
<status status="PASS" starttime="20220904 00:39:04.884" endtime="20220904 00:39:04.884"/>
</kw>
<status status="PASS" starttime="20220904 00:39:04.883" endtime="20220904 00:39:04.884"/>
</iter>
<iter>
<var name="${item}">Sorott</var>
<kw name="Log" library="BuiltIn">
<arg>${item}</arg>
<doc>Logs the given message with the given level.</doc>
<msg timestamp="20220904 00:39:04.885" level="INFO">Sorott</msg>
<status status="PASS" starttime="20220904 00:39:04.884" endtime="20220904 00:39:04.885"/>
</kw>
<status status="PASS" starttime="20220904 00:39:04.884" endtime="20220904 00:39:04.885"/>
</iter>
<status status="PASS" starttime="20220904 00:39:04.876" endtime="20220904 00:39:04.885"/>
</for>
<for flavor="IN">
<var>${item}</var>
<value>one</value>
<value>two</value>
<value>three</value>
<iter>
<var name="${item}">one</var>
<kw name="Log" library="BuiltIn">
<arg>${item}</arg>
<doc>Logs the given message with the given level.</doc>
<msg timestamp="20220904 00:39:04.886" level="INFO">one</msg>
<status status="PASS" starttime="20220904 00:39:04.886" endtime="20220904 00:39:04.886"/>
</kw>
<status status="PASS" starttime="20220904 00:39:04.885" endtime="20220904 00:39:04.886"/>
</iter>
<iter>
<var name="${item}">two</var>
<kw name="Log" library="BuiltIn">
<arg>${item}</arg>
<doc>Logs the given message with the given level.</doc>
<msg timestamp="20220904 00:39:04.887" level="INFO">two</msg>
<status status="PASS" starttime="20220904 00:39:04.887" endtime="20220904 00:39:04.887"/>
</kw>
<status status="PASS" starttime="20220904 00:39:04.886" endtime="20220904 00:39:04.887"/>
</iter>
<iter>
<var name="${item}">three</var>
<kw name="Log" library="BuiltIn">
<arg>${item}</arg>
<doc>Logs the given message with the given level.</doc>
<msg timestamp="20220904 00:39:04.888" level="INFO">three</msg>
<status status="PASS" starttime="20220904 00:39:04.887" endtime="20220904 00:39:04.888"/>
</kw>
<status status="PASS" starttime="20220904 00:39:04.887" endtime="20220904 00:39:04.888"/>
</iter>
<status status="PASS" starttime="20220904 00:39:04.885" endtime="20220904 00:39:04.888"/>
</for>
<tag>Ron</tag>
<status status="PASS" starttime="20220904 00:39:04.875" endtime="20220904 00:39:04.889"/>
</test>
<test id="s1-s3-t4" name="字典跑迴圈" line="60">
<kw name="Log" library="BuiltIn">
<arg>${DICTIONARY}</arg>
<doc>Logs the given message with the given level.</doc>
<msg timestamp="20220904 00:39:04.891" level="INFO">{'string': 'Mark', 'number': 718, 'list': ['Ron', 'Gary', 'Mark', 'Una', 'Lucy', 'Joan', 'Sam', 'Sorott']}</msg>
<status status="PASS" starttime="20220904 00:39:04.891" endtime="20220904 00:39:04.891"/>
</kw>
<for flavor="IN">
<var>${key_value_tuple}</var>
<value>&amp;{DICTIONARY}</value>
<iter>
<var name="${key_value_tuple}">('string', 'Mark')</var>
<kw name="Log" library="BuiltIn">
<arg>${key_value_tuple}</arg>
<doc>Logs the given message with the given level.</doc>
<msg timestamp="20220904 00:39:04.892" level="INFO">('string', 'Mark')</msg>
<status status="PASS" starttime="20220904 00:39:04.892" endtime="20220904 00:39:04.893"/>
</kw>
<status status="PASS" starttime="20220904 00:39:04.892" endtime="20220904 00:39:04.893"/>
</iter>
<iter>
<var name="${key_value_tuple}">('number', 718)</var>
<kw name="Log" library="BuiltIn">
<arg>${key_value_tuple}</arg>
<doc>Logs the given message with the given level.</doc>
<msg timestamp="20220904 00:39:04.893" level="INFO">('number', 718)</msg>
<status status="PASS" starttime="20220904 00:39:04.893" endtime="20220904 00:39:04.893"/>
</kw>
<status status="PASS" starttime="20220904 00:39:04.893" endtime="20220904 00:39:04.893"/>
</iter>
<iter>
<var name="${key_value_tuple}">('list', ['Ron', 'Gary', 'Mark', 'Una', 'Lucy', 'Joan', 'Sam', 'Sorott'])</var>
<kw name="Log" library="BuiltIn">
<arg>${key_value_tuple}</arg>
<doc>Logs the given message with the given level.</doc>
<msg timestamp="20220904 00:39:04.894" level="INFO">('list', ['Ron', 'Gary', 'Mark', 'Una', 'Lucy', 'Joan', 'Sam', 'Sorott'])</msg>
<status status="PASS" starttime="20220904 00:39:04.894" endtime="20220904 00:39:04.894"/>
</kw>
<status status="PASS" starttime="20220904 00:39:04.894" endtime="20220904 00:39:04.894"/>
</iter>
<status status="PASS" starttime="20220904 00:39:04.892" endtime="20220904 00:39:04.894"/>
</for>
<for flavor="IN">
<var>${key}</var>
<value>@{DICTIONARY}</value>
<iter>
<var name="${key}">string</var>
<kw name="Log" library="BuiltIn">
<arg>${key}=${DICTIONARY}[${key}]</arg>
<doc>Logs the given message with the given level.</doc>
<msg timestamp="20220904 00:39:04.896" level="INFO">string=Mark</msg>
<status status="PASS" starttime="20220904 00:39:04.895" endtime="20220904 00:39:04.896"/>
</kw>
<status status="PASS" starttime="20220904 00:39:04.895" endtime="20220904 00:39:04.896"/>
</iter>
<iter>
<var name="${key}">number</var>
<kw name="Log" library="BuiltIn">
<arg>${key}=${DICTIONARY}[${key}]</arg>
<doc>Logs the given message with the given level.</doc>
<msg timestamp="20220904 00:39:04.897" level="INFO">number=718</msg>
<status status="PASS" starttime="20220904 00:39:04.896" endtime="20220904 00:39:04.897"/>
</kw>
<status status="PASS" starttime="20220904 00:39:04.896" endtime="20220904 00:39:04.897"/>
</iter>
<iter>
<var name="${key}">list</var>
<kw name="Log" library="BuiltIn">
<arg>${key}=${DICTIONARY}[${key}]</arg>
<doc>Logs the given message with the given level.</doc>
<msg timestamp="20220904 00:39:04.898" level="INFO">list=['Ron', 'Gary', 'Mark', 'Una', 'Lucy', 'Joan', 'Sam', 'Sorott']</msg>
<status status="PASS" starttime="20220904 00:39:04.898" endtime="20220904 00:39:04.898"/>
</kw>
<status status="PASS" starttime="20220904 00:39:04.897" endtime="20220904 00:39:04.898"/>
</iter>
<status status="PASS" starttime="20220904 00:39:04.895" endtime="20220904 00:39:04.898"/>
</for>
<kw name="Log" library="BuiltIn">
<arg>${DICTIONARY}[string]</arg>
<doc>Logs the given message with the given level.</doc>
<msg timestamp="20220904 00:39:04.899" level="INFO">Mark</msg>
<status status="PASS" starttime="20220904 00:39:04.898" endtime="20220904 00:39:04.899"/>
</kw>
<kw name="Log" library="BuiltIn">
<arg>${DICTIONARY}[number]</arg>
<doc>Logs the given message with the given level.</doc>
<msg timestamp="20220904 00:39:04.899" level="INFO">718</msg>
<status status="PASS" starttime="20220904 00:39:04.899" endtime="20220904 00:39:04.899"/>
</kw>
<kw name="Log" library="BuiltIn">
<arg>${DICTIONARY}[list]</arg>
<doc>Logs the given message with the given level.</doc>
<msg timestamp="20220904 00:39:04.900" level="INFO">['Ron', 'Gary', 'Mark', 'Una', 'Lucy', 'Joan', 'Sam', 'Sorott']</msg>
<status status="PASS" starttime="20220904 00:39:04.899" endtime="20220904 00:39:04.900"/>
</kw>
<tag>Mark</tag>
<tag>Ron</tag>
<status status="PASS" starttime="20220904 00:39:04.890" endtime="20220904 00:39:04.900"/>
</test>
<test id="s1-s3-t5" name="印出 0 - 9" line="77">
<for flavor="IN RANGE">
<var>${index}</var>
<value>10</value>
<iter>
<var name="${index}">0</var>
<kw name="Log" library="BuiltIn">
<arg>${index}</arg>
<doc>Logs the given message with the given level.</doc>
<msg timestamp="20220904 00:39:04.901" level="INFO">0</msg>
<status status="PASS" starttime="20220904 00:39:04.901" endtime="20220904 00:39:04.901"/>
</kw>
<status status="PASS" starttime="20220904 00:39:04.901" endtime="20220904 00:39:04.901"/>
</iter>
<iter>
<var name="${index}">1</var>
<kw name="Log" library="BuiltIn">
<arg>${index}</arg>
<doc>Logs the given message with the given level.</doc>
<msg timestamp="20220904 00:39:04.902" level="INFO">1</msg>
<status status="PASS" starttime="20220904 00:39:04.901" endtime="20220904 00:39:04.902"/>
</kw>
<status status="PASS" starttime="20220904 00:39:04.901" endtime="20220904 00:39:04.902"/>
</iter>
<iter>
<var name="${index}">2</var>
<kw name="Log" library="BuiltIn">
<arg>${index}</arg>
<doc>Logs the given message with the given level.</doc>
<msg timestamp="20220904 00:39:04.902" level="INFO">2</msg>
<status status="PASS" starttime="20220904 00:39:04.902" endtime="20220904 00:39:04.902"/>
</kw>
<status status="PASS" starttime="20220904 00:39:04.902" endtime="20220904 00:39:04.902"/>
</iter>
<iter>
<var name="${index}">3</var>
<kw name="Log" library="BuiltIn">
<arg>${index}</arg>
<doc>Logs the given message with the given level.</doc>
<msg timestamp="20220904 00:39:04.902" level="INFO">3</msg>
<status status="PASS" starttime="20220904 00:39:04.902" endtime="20220904 00:39:04.902"/>
</kw>
<status status="PASS" starttime="20220904 00:39:04.902" endtime="20220904 00:39:04.902"/>
</iter>
<iter>
<var name="${index}">4</var>
<kw name="Log" library="BuiltIn">
<arg>${index}</arg>
<doc>Logs the given message with the given level.</doc>
<msg timestamp="20220904 00:39:04.903" level="INFO">4</msg>
<status status="PASS" starttime="20220904 00:39:04.903" endtime="20220904 00:39:04.903"/>
</kw>
<status status="PASS" starttime="20220904 00:39:04.903" endtime="20220904 00:39:04.903"/>
</iter>
<iter>
<var name="${index}">5</var>
<kw name="Log" library="BuiltIn">
<arg>${index}</arg>
<doc>Logs the given message with the given level.</doc>
<msg timestamp="20220904 00:39:04.903" level="INFO">5</msg>
<status status="PASS" starttime="20220904 00:39:04.903" endtime="20220904 00:39:04.903"/>
</kw>
<status status="PASS" starttime="20220904 00:39:04.903" endtime="20220904 00:39:04.903"/>
</iter>
<iter>
<var name="${index}">6</var>
<kw name="Log" library="BuiltIn">
<arg>${index}</arg>
<doc>Logs the given message with the given level.</doc>
<msg timestamp="20220904 00:39:04.904" level="INFO">6</msg>
<status status="PASS" starttime="20220904 00:39:04.904" endtime="20220904 00:39:04.904"/>
</kw>
<status status="PASS" starttime="20220904 00:39:04.904" endtime="20220904 00:39:04.904"/>
</iter>
<iter>
<var name="${index}">7</var>
<kw name="Log" library="BuiltIn">
<arg>${index}</arg>
<doc>Logs the given message with the given level.</doc>
<msg timestamp="20220904 00:39:04.905" level="INFO">7</msg>
<status status="PASS" starttime="20220904 00:39:04.904" endtime="20220904 00:39:04.905"/>
</kw>
<status status="PASS" starttime="20220904 00:39:04.904" endtime="20220904 00:39:04.905"/>
</iter>
<iter>
<var name="${index}">8</var>
<kw name="Log" library="BuiltIn">
<arg>${index}</arg>
<doc>Logs the given message with the given level.</doc>
<msg timestamp="20220904 00:39:04.905" level="INFO">8</msg>
<status status="PASS" starttime="20220904 00:39:04.905" endtime="20220904 00:39:04.905"/>
</kw>
<status status="PASS" starttime="20220904 00:39:04.905" endtime="20220904 00:39:04.905"/>
</iter>
<iter>
<var name="${index}">9</var>
<kw name="Log" library="BuiltIn">
<arg>${index}</arg>
<doc>Logs the given message with the given level.</doc>
<msg timestamp="20220904 00:39:04.906" level="INFO">9</msg>
<status status="PASS" starttime="20220904 00:39:04.906" endtime="20220904 00:39:04.906"/>
</kw>
<status status="PASS" starttime="20220904 00:39:04.905" endtime="20220904 00:39:04.906"/>
</iter>
<status status="PASS" starttime="20220904 00:39:04.901" endtime="20220904 00:39:04.906"/>
</for>
<tag>Gary</tag>
<status status="PASS" starttime="20220904 00:39:04.900" endtime="20220904 00:39:04.906"/>
</test>
<doc>A simple for loop example.</doc>
<status status="FAIL" starttime="20220904 00:39:04.848" endtime="20220904 00:39:04.907"/>
</suite>
<status status="FAIL" starttime="20220904 00:38:45.671" endtime="20220904 00:39:04.909"/>
</suite>
<statistics>
<total>
<stat pass="10" fail="2" skip="0">All Tests</stat>
</total>
<tag>
<stat pass="1" fail="0" skip="0">chrome</stat>
<stat pass="2" fail="0" skip="0">Gary</stat>
<stat pass="2" fail="0" skip="0">Mark</stat>
<stat pass="6" fail="2" skip="0">Ron</stat>
<stat pass="1" fail="0" skip="0">smoke</stat>
</tag>
<suite>
<stat pass="10" fail="2" skip="0" id="s1" name="Tests">Tests</stat>
<stat pass="2" fail="0" skip="0" id="s1-s1" name="Header">Tests.Header</stat>
<stat pass="4" fail="1" skip="0" id="s1-s2" name="Index">Tests.Index</stat>
<stat pass="4" fail="1" skip="0" id="s1-s3" name="Login">Tests.Login</stat>
</suite>
</statistics>
<errors>
</errors>
</robot>
