<?xml version="1.0" encoding="UTF-8"?>
<robot generator="Robot 5.0.1 (Python 3.8.9 on darwin)" generated="20220904 00:04:04.268" rpa="false" schemaversion="3">
<suite id="s1" name="Tests" source="/Users/mark/Documents/documentCompany/SetRobotFrameWork/tests">
<suite id="s1-s1" name="Header" source="/Users/mark/Documents/documentCompany/SetRobotFrameWork/tests/header.robot">
<test id="s1-s1-t1" name="Smoke Test" line="9">
<kw name="Common Begin Web Test" type="SETUP">
<tag>Gary</tag>
<doc>Open BitoPro Home Page</doc>
<kw name="Open Browser" library="SeleniumLibrary">
<arg>${bitopro_home_link}</arg>
<arg>chrome</arg>
<arg>executable_path=${get_chrome_path}</arg>
<doc>Opens a new browser instance to the optional ``url``.</doc>
<msg timestamp="20220904 00:04:05.596" level="INFO">Opening browser 'chrome' to base url 'https://www.bitopro.com/ns/home'.</msg>
<status status="PASS" starttime="20220904 00:04:05.595" endtime="20220904 00:04:12.988"/>
</kw>
<status status="PASS" starttime="20220904 00:04:05.594" endtime="20220904 00:04:12.989"/>
</kw>
<kw name="Set Variable" library="BuiltIn">
<var>${STRING}</var>
<arg>Ron Ron</arg>
<doc>Returns the given values which can then be assigned to a variables.</doc>
<msg timestamp="20220904 00:04:12.990" level="INFO">${STRING} = Ron Ron</msg>
<status status="PASS" starttime="20220904 00:04:12.989" endtime="20220904 00:04:12.990"/>
</kw>
<kw name="Common End Web Test" type="TEARDOWN">
<kw name="Close Browser" library="SeleniumLibrary">
<doc>Closes the current browser.</doc>
<status status="PASS" starttime="20220904 00:04:12.991" endtime="20220904 00:04:13.296"/>
</kw>
<status status="PASS" starttime="20220904 00:04:12.991" endtime="20220904 00:04:13.297"/>
</kw>
<doc>ffff</doc>
<tag>smoke</tag>
<status status="PASS" starttime="20220904 00:04:05.593" endtime="20220904 00:04:13.297"/>
</test>
<test id="s1-s1-t2" name="Chrome Test" line="16">
<kw name="Set Variable" library="BuiltIn">
<var>${STRING}</var>
<arg>Ron Ron</arg>
<doc>Returns the given values which can then be assigned to a variables.</doc>
<msg timestamp="20220904 00:04:13.299" level="INFO">${STRING} = Ron Ron</msg>
<status status="PASS" starttime="20220904 00:04:13.298" endtime="20220904 00:04:13.299"/>
</kw>
<kw name="Log" library="BuiltIn">
<arg>${header_test}</arg>
<doc>Logs the given message with the given level.</doc>
<msg timestamp="20220904 00:04:13.299" level="INFO">header</msg>
<status status="PASS" starttime="20220904 00:04:13.299" endtime="20220904 00:04:13.299"/>
</kw>
<kw name="Log" library="BuiltIn">
<arg>${index_test}</arg>
<doc>Logs the given message with the given level.</doc>
<msg timestamp="20220904 00:04:13.300" level="INFO">index_test</msg>
<status status="PASS" starttime="20220904 00:04:13.300" endtime="20220904 00:04:13.300"/>
</kw>
<doc>ffsdf</doc>
<tag>chrome</tag>
<status status="PASS" starttime="20220904 00:04:13.298" endtime="20220904 00:04:13.300"/>
</test>
<status status="PASS" starttime="20220904 00:04:04.315" endtime="20220904 00:04:13.301"/>
</suite>
<suite id="s1-s2" name="Index" source="/Users/mark/Documents/documentCompany/SetRobotFrameWork/tests/index.robot">
<test id="s1-s2-t1" name="我是測試用例的標題-Ron" line="26">
<kw name="Log" library="BuiltIn">
<arg>${STRING}</arg>
<doc>Logs the given message with the given level.</doc>
<msg timestamp="20220904 00:04:13.309" level="INFO">Mark</msg>
<status status="PASS" starttime="20220904 00:04:13.309" endtime="20220904 00:04:13.310"/>
</kw>
<kw name="Should Be Equal" library="BuiltIn">
<arg>${STRING}</arg>
<arg>${DICTIONARY}</arg>
<doc>Fails if the given objects are unequal.</doc>
<msg timestamp="20220904 00:04:13.310" level="INFO">Argument types are:
&lt;class 'str'&gt;
&lt;class 'robot.utils.dotdict.DotDict'&gt;</msg>
<msg timestamp="20220904 00:04:13.311" level="FAIL">Mark != {'string': 'Mark', 'number': 718, 'list': ['Ron', 'Gary', 'Mark', 'Una', 'Lucy', 'Joan', 'Sam', 'Sorott']}</msg>
<status status="FAIL" starttime="20220904 00:04:13.310" endtime="20220904 00:04:13.311"/>
</kw>
<kw name="Set Variable" library="BuiltIn">
<var>${STRING}</var>
<arg>Ron Ron</arg>
<doc>Returns the given values which can then be assigned to a variables.</doc>
<status status="NOT RUN" starttime="20220904 00:04:13.312" endtime="20220904 00:04:13.312"/>
</kw>
<kw name="Log" library="BuiltIn">
<arg>${STRING}</arg>
<doc>Logs the given message with the given level.</doc>
<status status="NOT RUN" starttime="20220904 00:04:13.312" endtime="20220904 00:04:13.312"/>
</kw>
<doc>敘述這條 Ron test case 做什麼用途</doc>
<tag>Ron</tag>
<status status="FAIL" starttime="20220904 00:04:13.307" endtime="20220904 00:04:13.313">Mark != {'string': 'Mark', 'number': 718, 'list': ['Ron', 'Gary', 'Mark', 'Una', 'Lucy', 'Joan', 'Sam', 'Sorott']}</status>
</test>
<test id="s1-s2-t2" name="我是測試用例的標題-Ron1" line="36">
<kw name="Log" library="BuiltIn">
<arg>${STRING}</arg>
<doc>Logs the given message with the given level.</doc>
<msg timestamp="20220904 00:04:13.315" level="INFO">Mark</msg>
<status status="PASS" starttime="20220904 00:04:13.315" endtime="20220904 00:04:13.315"/>
</kw>
<kw name="Set Variable" library="BuiltIn">
<var>${STRING}</var>
<arg>Ron Ron</arg>
<doc>Returns the given values which can then be assigned to a variables.</doc>
<msg timestamp="20220904 00:04:13.316" level="INFO">${STRING} = Ron Ron</msg>
<status status="PASS" starttime="20220904 00:04:13.315" endtime="20220904 00:04:13.316"/>
</kw>
<kw name="Log" library="BuiltIn">
<arg>${STRING}</arg>
<doc>Logs the given message with the given level.</doc>
<msg timestamp="20220904 00:04:13.316" level="INFO">Ron Ron</msg>
<status status="PASS" starttime="20220904 00:04:13.316" endtime="20220904 00:04:13.316"/>
</kw>
<doc>敘述這條 Ron test case 做什麼用途</doc>
<tag>Ron</tag>
<status status="PASS" starttime="20220904 00:04:13.313" endtime="20220904 00:04:13.317"/>
</test>
<test id="s1-s2-t3" name="陣列跑迴圈" line="46">
<kw name="Log" library="BuiltIn">
<arg>${LIST}</arg>
<doc>Logs the given message with the given level.</doc>
<msg timestamp="20220904 00:04:13.323" level="INFO">['Ron', 'Gary', 'Mark', 'Una', 'Lucy', 'Joan', 'Sam', 'Sorott']</msg>
<status status="PASS" starttime="20220904 00:04:13.322" endtime="20220904 00:04:13.323"/>
</kw>
<for flavor="IN">
<var>${item}</var>
<value>@{LIST}</value>
<iter>
<var name="${item}">Ron</var>
<kw name="Log" library="BuiltIn">
<arg>${item}</arg>
<doc>Logs the given message with the given level.</doc>
<msg timestamp="20220904 00:04:13.327" level="INFO">Ron</msg>
<status status="PASS" starttime="20220904 00:04:13.327" endtime="20220904 00:04:13.328"/>
</kw>
<status status="PASS" starttime="20220904 00:04:13.327" endtime="20220904 00:04:13.328"/>
</iter>
<iter>
<var name="${item}">Gary</var>
<kw name="Log" library="BuiltIn">
<arg>${item}</arg>
<doc>Logs the given message with the given level.</doc>
<msg timestamp="20220904 00:04:13.329" level="INFO">Gary</msg>
<status status="PASS" starttime="20220904 00:04:13.329" endtime="20220904 00:04:13.329"/>
</kw>
<status status="PASS" starttime="20220904 00:04:13.328" endtime="20220904 00:04:13.329"/>
</iter>
<iter>
<var name="${item}">Mark</var>
<kw name="Log" library="BuiltIn">
<arg>${item}</arg>
<doc>Logs the given message with the given level.</doc>
<msg timestamp="20220904 00:04:13.330" level="INFO">Mark</msg>
<status status="PASS" starttime="20220904 00:04:13.329" endtime="20220904 00:04:13.330"/>
</kw>
<status status="PASS" starttime="20220904 00:04:13.329" endtime="20220904 00:04:13.330"/>
</iter>
<iter>
<var name="${item}">Una</var>
<kw name="Log" library="BuiltIn">
<arg>${item}</arg>
<doc>Logs the given message with the given level.</doc>
<msg timestamp="20220904 00:04:13.331" level="INFO">Una</msg>
<status status="PASS" starttime="20220904 00:04:13.330" endtime="20220904 00:04:13.331"/>
</kw>
<status status="PASS" starttime="20220904 00:04:13.330" endtime="20220904 00:04:13.331"/>
</iter>
<iter>
<var name="${item}">Lucy</var>
<kw name="Log" library="BuiltIn">
<arg>${item}</arg>
<doc>Logs the given message with the given level.</doc>
<msg timestamp="20220904 00:04:13.332" level="INFO">Lucy</msg>
<status status="PASS" starttime="20220904 00:04:13.332" endtime="20220904 00:04:13.337"/>
</kw>
<status status="PASS" starttime="20220904 00:04:13.332" endtime="20220904 00:04:13.339"/>
</iter>
<iter>
<var name="${item}">Joan</var>
<kw name="Log" library="BuiltIn">
<arg>${item}</arg>
<doc>Logs the given message with the given level.</doc>
<msg timestamp="20220904 00:04:13.347" level="INFO">Joan</msg>
<status status="PASS" starttime="20220904 00:04:13.339" endtime="20220904 00:04:13.349"/>
</kw>
<status status="PASS" starttime="20220904 00:04:13.339" endtime="20220904 00:04:13.349"/>
</iter>
<iter>
<var name="${item}">Sam</var>
<kw name="Log" library="BuiltIn">
<arg>${item}</arg>
<doc>Logs the given message with the given level.</doc>
<msg timestamp="20220904 00:04:13.350" level="INFO">Sam</msg>
<status status="PASS" starttime="20220904 00:04:13.349" endtime="20220904 00:04:13.361"/>
</kw>
<status status="PASS" starttime="20220904 00:04:13.349" endtime="20220904 00:04:13.361"/>
</iter>
<iter>
<var name="${item}">Sorott</var>
<kw name="Log" library="BuiltIn">
<arg>${item}</arg>
<doc>Logs the given message with the given level.</doc>
<msg timestamp="20220904 00:04:13.362" level="INFO">Sorott</msg>
<status status="PASS" starttime="20220904 00:04:13.362" endtime="20220904 00:04:13.362"/>
</kw>
<status status="PASS" starttime="20220904 00:04:13.362" endtime="20220904 00:04:13.362"/>
</iter>
<status status="PASS" starttime="20220904 00:04:13.327" endtime="20220904 00:04:13.363"/>
</for>
<for flavor="IN">
<var>${item}</var>
<value>one</value>
<value>two</value>
<value>three</value>
<iter>
<var name="${item}">one</var>
<kw name="Log" library="BuiltIn">
<arg>${item}</arg>
<doc>Logs the given message with the given level.</doc>
<msg timestamp="20220904 00:04:13.365" level="INFO">one</msg>
<status status="PASS" starttime="20220904 00:04:13.365" endtime="20220904 00:04:13.366"/>
</kw>
<status status="PASS" starttime="20220904 00:04:13.365" endtime="20220904 00:04:13.366"/>
</iter>
<iter>
<var name="${item}">two</var>
<kw name="Log" library="BuiltIn">
<arg>${item}</arg>
<doc>Logs the given message with the given level.</doc>
<msg timestamp="20220904 00:04:13.367" level="INFO">two</msg>
<status status="PASS" starttime="20220904 00:04:13.366" endtime="20220904 00:04:13.367"/>
</kw>
<status status="PASS" starttime="20220904 00:04:13.366" endtime="20220904 00:04:13.367"/>
</iter>
<iter>
<var name="${item}">three</var>
<kw name="Log" library="BuiltIn">
<arg>${item}</arg>
<doc>Logs the given message with the given level.</doc>
<msg timestamp="20220904 00:04:13.367" level="INFO">three</msg>
<status status="PASS" starttime="20220904 00:04:13.367" endtime="20220904 00:04:13.368"/>
</kw>
<status status="PASS" starttime="20220904 00:04:13.367" endtime="20220904 00:04:13.368"/>
</iter>
<status status="PASS" starttime="20220904 00:04:13.365" endtime="20220904 00:04:13.368"/>
</for>
<tag>Ron</tag>
<status status="PASS" starttime="20220904 00:04:13.317" endtime="20220904 00:04:13.378"/>
</test>
<test id="s1-s2-t4" name="字典跑迴圈" line="58">
<kw name="Log" library="BuiltIn">
<arg>${DICTIONARY}</arg>
<doc>Logs the given message with the given level.</doc>
<msg timestamp="20220904 00:04:13.386" level="INFO">{'string': 'Mark', 'number': 718, 'list': ['Ron', 'Gary', 'Mark', 'Una', 'Lucy', 'Joan', 'Sam', 'Sorott']}</msg>
<status status="PASS" starttime="20220904 00:04:13.385" endtime="20220904 00:04:13.386"/>
</kw>
<for flavor="IN">
<var>${key_value_tuple}</var>
<value>&amp;{DICTIONARY}</value>
<iter>
<var name="${key_value_tuple}">('string', 'Mark')</var>
<kw name="Log" library="BuiltIn">
<arg>${key_value_tuple}</arg>
<doc>Logs the given message with the given level.</doc>
<msg timestamp="20220904 00:04:13.389" level="INFO">('string', 'Mark')</msg>
<status status="PASS" starttime="20220904 00:04:13.388" endtime="20220904 00:04:13.390"/>
</kw>
<status status="PASS" starttime="20220904 00:04:13.388" endtime="20220904 00:04:13.390"/>
</iter>
<iter>
<var name="${key_value_tuple}">('number', 718)</var>
<kw name="Log" library="BuiltIn">
<arg>${key_value_tuple}</arg>
<doc>Logs the given message with the given level.</doc>
<msg timestamp="20220904 00:04:13.391" level="INFO">('number', 718)</msg>
<status status="PASS" starttime="20220904 00:04:13.391" endtime="20220904 00:04:13.391"/>
</kw>
<status status="PASS" starttime="20220904 00:04:13.390" endtime="20220904 00:04:13.391"/>
</iter>
<iter>
<var name="${key_value_tuple}">('list', ['Ron', 'Gary', 'Mark', 'Una', 'Lucy', 'Joan', 'Sam', 'Sorott'])</var>
<kw name="Log" library="BuiltIn">
<arg>${key_value_tuple}</arg>
<doc>Logs the given message with the given level.</doc>
<msg timestamp="20220904 00:04:13.392" level="INFO">('list', ['Ron', 'Gary', 'Mark', 'Una', 'Lucy', 'Joan', 'Sam', 'Sorott'])</msg>
<status status="PASS" starttime="20220904 00:04:13.391" endtime="20220904 00:04:13.392"/>
</kw>
<status status="PASS" starttime="20220904 00:04:13.391" endtime="20220904 00:04:13.392"/>
</iter>
<status status="PASS" starttime="20220904 00:04:13.388" endtime="20220904 00:04:13.392"/>
</for>
<for flavor="IN">
<var>${key}</var>
<value>@{DICTIONARY}</value>
<iter>
<var name="${key}">string</var>
<kw name="Log" library="BuiltIn">
<arg>${key}=${DICTIONARY}[${key}]</arg>
<doc>Logs the given message with the given level.</doc>
<msg timestamp="20220904 00:04:13.395" level="INFO">string=Mark</msg>
<status status="PASS" starttime="20220904 00:04:13.394" endtime="20220904 00:04:13.395"/>
</kw>
<status status="PASS" starttime="20220904 00:04:13.394" endtime="20220904 00:04:13.395"/>
</iter>
<iter>
<var name="${key}">number</var>
<kw name="Log" library="BuiltIn">
<arg>${key}=${DICTIONARY}[${key}]</arg>
<doc>Logs the given message with the given level.</doc>
<msg timestamp="20220904 00:04:13.396" level="INFO">number=718</msg>
<status status="PASS" starttime="20220904 00:04:13.396" endtime="20220904 00:04:13.396"/>
</kw>
<status status="PASS" starttime="20220904 00:04:13.395" endtime="20220904 00:04:13.397"/>
</iter>
<iter>
<var name="${key}">list</var>
<kw name="Log" library="BuiltIn">
<arg>${key}=${DICTIONARY}[${key}]</arg>
<doc>Logs the given message with the given level.</doc>
<msg timestamp="20220904 00:04:13.397" level="INFO">list=['Ron', 'Gary', 'Mark', 'Una', 'Lucy', 'Joan', 'Sam', 'Sorott']</msg>
<status status="PASS" starttime="20220904 00:04:13.397" endtime="20220904 00:04:13.397"/>
</kw>
<status status="PASS" starttime="20220904 00:04:13.397" endtime="20220904 00:04:13.398"/>
</iter>
<status status="PASS" starttime="20220904 00:04:13.394" endtime="20220904 00:04:13.398"/>
</for>
<kw name="Log" library="BuiltIn">
<arg>${DICTIONARY}[string]</arg>
<doc>Logs the given message with the given level.</doc>
<msg timestamp="20220904 00:04:13.399" level="INFO">Mark</msg>
<status status="PASS" starttime="20220904 00:04:13.399" endtime="20220904 00:04:13.400"/>
</kw>
<kw name="Log" library="BuiltIn">
<arg>${DICTIONARY}[number]</arg>
<doc>Logs the given message with the given level.</doc>
<msg timestamp="20220904 00:04:13.401" level="INFO">718</msg>
<status status="PASS" starttime="20220904 00:04:13.401" endtime="20220904 00:04:13.401"/>
</kw>
<kw name="Log" library="BuiltIn">
<arg>${DICTIONARY}[list]</arg>
<doc>Logs the given message with the given level.</doc>
<msg timestamp="20220904 00:04:13.403" level="INFO">['Ron', 'Gary', 'Mark', 'Una', 'Lucy', 'Joan', 'Sam', 'Sorott']</msg>
<status status="PASS" starttime="20220904 00:04:13.403" endtime="20220904 00:04:13.404"/>
</kw>
<tag>Mark</tag>
<tag>Ron</tag>
<status status="PASS" starttime="20220904 00:04:13.383" endtime="20220904 00:04:13.405"/>
</test>
<test id="s1-s2-t5" name="印出 0 - 9" line="75">
<for flavor="IN RANGE">
<var>${index}</var>
<value>10</value>
<iter>
<var name="${index}">0</var>
<kw name="Log" library="BuiltIn">
<arg>${index}</arg>
<doc>Logs the given message with the given level.</doc>
<msg timestamp="20220904 00:04:13.412" level="INFO">0</msg>
<status status="PASS" starttime="20220904 00:04:13.412" endtime="20220904 00:04:13.412"/>
</kw>
<status status="PASS" starttime="20220904 00:04:13.411" endtime="20220904 00:04:13.412"/>
</iter>
<iter>
<var name="${index}">1</var>
<kw name="Log" library="BuiltIn">
<arg>${index}</arg>
<doc>Logs the given message with the given level.</doc>
<msg timestamp="20220904 00:04:13.413" level="INFO">1</msg>
<status status="PASS" starttime="20220904 00:04:13.412" endtime="20220904 00:04:13.413"/>
</kw>
<status status="PASS" starttime="20220904 00:04:13.412" endtime="20220904 00:04:13.413"/>
</iter>
<iter>
<var name="${index}">2</var>
<kw name="Log" library="BuiltIn">
<arg>${index}</arg>
<doc>Logs the given message with the given level.</doc>
<msg timestamp="20220904 00:04:13.414" level="INFO">2</msg>
<status status="PASS" starttime="20220904 00:04:13.414" endtime="20220904 00:04:13.414"/>
</kw>
<status status="PASS" starttime="20220904 00:04:13.414" endtime="20220904 00:04:13.414"/>
</iter>
<iter>
<var name="${index}">3</var>
<kw name="Log" library="BuiltIn">
<arg>${index}</arg>
<doc>Logs the given message with the given level.</doc>
<msg timestamp="20220904 00:04:13.415" level="INFO">3</msg>
<status status="PASS" starttime="20220904 00:04:13.415" endtime="20220904 00:04:13.415"/>
</kw>
<status status="PASS" starttime="20220904 00:04:13.414" endtime="20220904 00:04:13.415"/>
</iter>
<iter>
<var name="${index}">4</var>
<kw name="Log" library="BuiltIn">
<arg>${index}</arg>
<doc>Logs the given message with the given level.</doc>
<msg timestamp="20220904 00:04:13.416" level="INFO">4</msg>
<status status="PASS" starttime="20220904 00:04:13.415" endtime="20220904 00:04:13.416"/>
</kw>
<status status="PASS" starttime="20220904 00:04:13.415" endtime="20220904 00:04:13.416"/>
</iter>
<iter>
<var name="${index}">5</var>
<kw name="Log" library="BuiltIn">
<arg>${index}</arg>
<doc>Logs the given message with the given level.</doc>
<msg timestamp="20220904 00:04:13.416" level="INFO">5</msg>
<status status="PASS" starttime="20220904 00:04:13.416" endtime="20220904 00:04:13.416"/>
</kw>
<status status="PASS" starttime="20220904 00:04:13.416" endtime="20220904 00:04:13.417"/>
</iter>
<iter>
<var name="${index}">6</var>
<kw name="Log" library="BuiltIn">
<arg>${index}</arg>
<doc>Logs the given message with the given level.</doc>
<msg timestamp="20220904 00:04:13.417" level="INFO">6</msg>
<status status="PASS" starttime="20220904 00:04:13.417" endtime="20220904 00:04:13.417"/>
</kw>
<status status="PASS" starttime="20220904 00:04:13.417" endtime="20220904 00:04:13.417"/>
</iter>
<iter>
<var name="${index}">7</var>
<kw name="Log" library="BuiltIn">
<arg>${index}</arg>
<doc>Logs the given message with the given level.</doc>
<msg timestamp="20220904 00:04:13.418" level="INFO">7</msg>
<status status="PASS" starttime="20220904 00:04:13.418" endtime="20220904 00:04:13.418"/>
</kw>
<status status="PASS" starttime="20220904 00:04:13.418" endtime="20220904 00:04:13.418"/>
</iter>
<iter>
<var name="${index}">8</var>
<kw name="Log" library="BuiltIn">
<arg>${index}</arg>
<doc>Logs the given message with the given level.</doc>
<msg timestamp="20220904 00:04:13.419" level="INFO">8</msg>
<status status="PASS" starttime="20220904 00:04:13.418" endtime="20220904 00:04:13.419"/>
</kw>
<status status="PASS" starttime="20220904 00:04:13.418" endtime="20220904 00:04:13.420"/>
</iter>
<iter>
<var name="${index}">9</var>
<kw name="Log" library="BuiltIn">
<arg>${index}</arg>
<doc>Logs the given message with the given level.</doc>
<msg timestamp="20220904 00:04:13.420" level="INFO">9</msg>
<status status="PASS" starttime="20220904 00:04:13.420" endtime="20220904 00:04:13.421"/>
</kw>
<status status="PASS" starttime="20220904 00:04:13.420" endtime="20220904 00:04:13.421"/>
</iter>
<status status="PASS" starttime="20220904 00:04:13.411" endtime="20220904 00:04:13.421"/>
</for>
<tag>Gary</tag>
<status status="PASS" starttime="20220904 00:04:13.410" endtime="20220904 00:04:13.423"/>
</test>
<doc>A simple for loop example.</doc>
<status status="FAIL" starttime="20220904 00:04:13.302" endtime="20220904 00:04:13.426"/>
</suite>
<suite id="s1-s3" name="Login" source="/Users/mark/Documents/documentCompany/SetRobotFrameWork/tests/login.robot">
<test id="s1-s3-t1" name="我是測試用例的標題-1111111" line="26">
<kw name="Log" library="BuiltIn">
<arg>${STRING}</arg>
<doc>Logs the given message with the given level.</doc>
<msg timestamp="20220904 00:04:13.435" level="INFO">Mark</msg>
<status status="PASS" starttime="20220904 00:04:13.435" endtime="20220904 00:04:13.435"/>
</kw>
<kw name="Should Be Equal" library="BuiltIn">
<arg>${STRING}</arg>
<arg>${DICTIONARY}</arg>
<doc>Fails if the given objects are unequal.</doc>
<msg timestamp="20220904 00:04:13.437" level="INFO">Argument types are:
&lt;class 'str'&gt;
&lt;class 'robot.utils.dotdict.DotDict'&gt;</msg>
<msg timestamp="20220904 00:04:13.437" level="FAIL">Mark != {'string': 'Mark', 'number': 718, 'list': ['Ron', 'Gary', 'Mark', 'Una', 'Lucy', 'Joan', 'Sam', 'Sorott']}</msg>
<status status="FAIL" starttime="20220904 00:04:13.436" endtime="20220904 00:04:13.437"/>
</kw>
<kw name="Set Variable" library="BuiltIn">
<var>${STRING}</var>
<arg>Ron Ron</arg>
<doc>Returns the given values which can then be assigned to a variables.</doc>
<status status="NOT RUN" starttime="20220904 00:04:13.440" endtime="20220904 00:04:13.440"/>
</kw>
<kw name="Log" library="BuiltIn">
<arg>${STRING}</arg>
<doc>Logs the given message with the given level.</doc>
<status status="NOT RUN" starttime="20220904 00:04:13.442" endtime="20220904 00:04:13.442"/>
</kw>
<doc>fffff</doc>
<tag>Ron</tag>
<status status="FAIL" starttime="20220904 00:04:13.432" endtime="20220904 00:04:13.444">Mark != {'string': 'Mark', 'number': 718, 'list': ['Ron', 'Gary', 'Mark', 'Una', 'Lucy', 'Joan', 'Sam', 'Sorott']}</status>
</test>
<test id="s1-s3-t2" name="我是測試用例的標題-1111" line="36">
<kw name="Log" library="BuiltIn">
<arg>${STRING}</arg>
<doc>Logs the given message with the given level.</doc>
<msg timestamp="20220904 00:04:13.450" level="INFO">Mark</msg>
<status status="PASS" starttime="20220904 00:04:13.450" endtime="20220904 00:04:13.451"/>
</kw>
<kw name="Set Variable" library="BuiltIn">
<var>${STRING}</var>
<arg>Ron Ron</arg>
<doc>Returns the given values which can then be assigned to a variables.</doc>
<msg timestamp="20220904 00:04:13.453" level="INFO">${STRING} = Ron Ron</msg>
<status status="PASS" starttime="20220904 00:04:13.452" endtime="20220904 00:04:13.453"/>
</kw>
<kw name="Log" library="BuiltIn">
<arg>${STRING}</arg>
<doc>Logs the given message with the given level.</doc>
<msg timestamp="20220904 00:04:13.455" level="INFO">Ron Ron</msg>
<status status="PASS" starttime="20220904 00:04:13.455" endtime="20220904 00:04:13.455"/>
</kw>
<doc>ddddd</doc>
<tag>Ron</tag>
<status status="PASS" starttime="20220904 00:04:13.448" endtime="20220904 00:04:13.459"/>
</test>
<test id="s1-s3-t3" name="markTest" line="46">
<kw name="Log" library="BuiltIn">
<arg>${LIST}</arg>
<doc>Logs the given message with the given level.</doc>
<msg timestamp="20220904 00:04:13.462" level="INFO">['Ron', 'Gary', 'Mark', 'Una', 'Lucy', 'Joan', 'Sam', 'Sorott']</msg>
<status status="PASS" starttime="20220904 00:04:13.462" endtime="20220904 00:04:13.462"/>
</kw>
<for flavor="IN">
<var>${item}</var>
<value>@{LIST}</value>
<iter>
<var name="${item}">Ron</var>
<kw name="Log" library="BuiltIn">
<arg>${item}</arg>
<doc>Logs the given message with the given level.</doc>
<msg timestamp="20220904 00:04:13.464" level="INFO">Ron</msg>
<status status="PASS" starttime="20220904 00:04:13.464" endtime="20220904 00:04:13.464"/>
</kw>
<status status="PASS" starttime="20220904 00:04:13.464" endtime="20220904 00:04:13.464"/>
</iter>
<iter>
<var name="${item}">Gary</var>
<kw name="Log" library="BuiltIn">
<arg>${item}</arg>
<doc>Logs the given message with the given level.</doc>
<msg timestamp="20220904 00:04:13.465" level="INFO">Gary</msg>
<status status="PASS" starttime="20220904 00:04:13.465" endtime="20220904 00:04:13.465"/>
</kw>
<status status="PASS" starttime="20220904 00:04:13.465" endtime="20220904 00:04:13.465"/>
</iter>
<iter>
<var name="${item}">Mark</var>
<kw name="Log" library="BuiltIn">
<arg>${item}</arg>
<doc>Logs the given message with the given level.</doc>
<msg timestamp="20220904 00:04:13.466" level="INFO">Mark</msg>
<status status="PASS" starttime="20220904 00:04:13.465" endtime="20220904 00:04:13.466"/>
</kw>
<status status="PASS" starttime="20220904 00:04:13.465" endtime="20220904 00:04:13.466"/>
</iter>
<iter>
<var name="${item}">Una</var>
<kw name="Log" library="BuiltIn">
<arg>${item}</arg>
<doc>Logs the given message with the given level.</doc>
<msg timestamp="20220904 00:04:13.467" level="INFO">Una</msg>
<status status="PASS" starttime="20220904 00:04:13.467" endtime="20220904 00:04:13.468"/>
</kw>
<status status="PASS" starttime="20220904 00:04:13.466" endtime="20220904 00:04:13.468"/>
</iter>
<iter>
<var name="${item}">Lucy</var>
<kw name="Log" library="BuiltIn">
<arg>${item}</arg>
<doc>Logs the given message with the given level.</doc>
<msg timestamp="20220904 00:04:13.468" level="INFO">Lucy</msg>
<status status="PASS" starttime="20220904 00:04:13.468" endtime="20220904 00:04:13.469"/>
</kw>
<status status="PASS" starttime="20220904 00:04:13.468" endtime="20220904 00:04:13.469"/>
</iter>
<iter>
<var name="${item}">Joan</var>
<kw name="Log" library="BuiltIn">
<arg>${item}</arg>
<doc>Logs the given message with the given level.</doc>
<msg timestamp="20220904 00:04:13.469" level="INFO">Joan</msg>
<status status="PASS" starttime="20220904 00:04:13.469" endtime="20220904 00:04:13.469"/>
</kw>
<status status="PASS" starttime="20220904 00:04:13.469" endtime="20220904 00:04:13.469"/>
</iter>
<iter>
<var name="${item}">Sam</var>
<kw name="Log" library="BuiltIn">
<arg>${item}</arg>
<doc>Logs the given message with the given level.</doc>
<msg timestamp="20220904 00:04:13.470" level="INFO">Sam</msg>
<status status="PASS" starttime="20220904 00:04:13.470" endtime="20220904 00:04:13.470"/>
</kw>
<status status="PASS" starttime="20220904 00:04:13.470" endtime="20220904 00:04:13.470"/>
</iter>
<iter>
<var name="${item}">Sorott</var>
<kw name="Log" library="BuiltIn">
<arg>${item}</arg>
<doc>Logs the given message with the given level.</doc>
<msg timestamp="20220904 00:04:13.471" level="INFO">Sorott</msg>
<status status="PASS" starttime="20220904 00:04:13.471" endtime="20220904 00:04:13.471"/>
</kw>
<status status="PASS" starttime="20220904 00:04:13.470" endtime="20220904 00:04:13.471"/>
</iter>
<status status="PASS" starttime="20220904 00:04:13.463" endtime="20220904 00:04:13.471"/>
</for>
<for flavor="IN">
<var>${item}</var>
<value>one</value>
<value>two</value>
<value>three</value>
<iter>
<var name="${item}">one</var>
<kw name="Log" library="BuiltIn">
<arg>${item}</arg>
<doc>Logs the given message with the given level.</doc>
<msg timestamp="20220904 00:04:13.475" level="INFO">one</msg>
<status status="PASS" starttime="20220904 00:04:13.475" endtime="20220904 00:04:13.475"/>
</kw>
<status status="PASS" starttime="20220904 00:04:13.475" endtime="20220904 00:04:13.476"/>
</iter>
<iter>
<var name="${item}">two</var>
<kw name="Log" library="BuiltIn">
<arg>${item}</arg>
<doc>Logs the given message with the given level.</doc>
<msg timestamp="20220904 00:04:13.476" level="INFO">two</msg>
<status status="PASS" starttime="20220904 00:04:13.476" endtime="20220904 00:04:13.476"/>
</kw>
<status status="PASS" starttime="20220904 00:04:13.476" endtime="20220904 00:04:13.477"/>
</iter>
<iter>
<var name="${item}">three</var>
<kw name="Log" library="BuiltIn">
<arg>${item}</arg>
<doc>Logs the given message with the given level.</doc>
<msg timestamp="20220904 00:04:13.477" level="INFO">three</msg>
<status status="PASS" starttime="20220904 00:04:13.477" endtime="20220904 00:04:13.477"/>
</kw>
<status status="PASS" starttime="20220904 00:04:13.477" endtime="20220904 00:04:13.477"/>
</iter>
<status status="PASS" starttime="20220904 00:04:13.474" endtime="20220904 00:04:13.477"/>
</for>
<tag>Ron</tag>
<status status="PASS" starttime="20220904 00:04:13.461" endtime="20220904 00:04:13.479"/>
</test>
<test id="s1-s3-t4" name="字典跑迴圈" line="58">
<kw name="Log" library="BuiltIn">
<arg>${DICTIONARY}</arg>
<doc>Logs the given message with the given level.</doc>
<msg timestamp="20220904 00:04:13.483" level="INFO">{'string': 'Mark', 'number': 718, 'list': ['Ron', 'Gary', 'Mark', 'Una', 'Lucy', 'Joan', 'Sam', 'Sorott']}</msg>
<status status="PASS" starttime="20220904 00:04:13.483" endtime="20220904 00:04:13.483"/>
</kw>
<for flavor="IN">
<var>${key_value_tuple}</var>
<value>&amp;{DICTIONARY}</value>
<iter>
<var name="${key_value_tuple}">('string', 'Mark')</var>
<kw name="Log" library="BuiltIn">
<arg>${key_value_tuple}</arg>
<doc>Logs the given message with the given level.</doc>
<msg timestamp="20220904 00:04:13.486" level="INFO">('string', 'Mark')</msg>
<status status="PASS" starttime="20220904 00:04:13.485" endtime="20220904 00:04:13.486"/>
</kw>
<status status="PASS" starttime="20220904 00:04:13.485" endtime="20220904 00:04:13.486"/>
</iter>
<iter>
<var name="${key_value_tuple}">('number', 718)</var>
<kw name="Log" library="BuiltIn">
<arg>${key_value_tuple}</arg>
<doc>Logs the given message with the given level.</doc>
<msg timestamp="20220904 00:04:13.486" level="INFO">('number', 718)</msg>
<status status="PASS" starttime="20220904 00:04:13.486" endtime="20220904 00:04:13.486"/>
</kw>
<status status="PASS" starttime="20220904 00:04:13.486" endtime="20220904 00:04:13.486"/>
</iter>
<iter>
<var name="${key_value_tuple}">('list', ['Ron', 'Gary', 'Mark', 'Una', 'Lucy', 'Joan', 'Sam', 'Sorott'])</var>
<kw name="Log" library="BuiltIn">
<arg>${key_value_tuple}</arg>
<doc>Logs the given message with the given level.</doc>
<msg timestamp="20220904 00:04:13.487" level="INFO">('list', ['Ron', 'Gary', 'Mark', 'Una', 'Lucy', 'Joan', 'Sam', 'Sorott'])</msg>
<status status="PASS" starttime="20220904 00:04:13.487" endtime="20220904 00:04:13.487"/>
</kw>
<status status="PASS" starttime="20220904 00:04:13.487" endtime="20220904 00:04:13.487"/>
</iter>
<status status="PASS" starttime="20220904 00:04:13.485" endtime="20220904 00:04:13.487"/>
</for>
<for flavor="IN">
<var>${key}</var>
<value>@{DICTIONARY}</value>
<iter>
<var name="${key}">string</var>
<kw name="Log" library="BuiltIn">
<arg>${key}=${DICTIONARY}[${key}]</arg>
<doc>Logs the given message with the given level.</doc>
<msg timestamp="20220904 00:04:13.490" level="INFO">string=Mark</msg>
<status status="PASS" starttime="20220904 00:04:13.490" endtime="20220904 00:04:13.490"/>
</kw>
<status status="PASS" starttime="20220904 00:04:13.489" endtime="20220904 00:04:13.490"/>
</iter>
<iter>
<var name="${key}">number</var>
<kw name="Log" library="BuiltIn">
<arg>${key}=${DICTIONARY}[${key}]</arg>
<doc>Logs the given message with the given level.</doc>
<msg timestamp="20220904 00:04:13.491" level="INFO">number=718</msg>
<status status="PASS" starttime="20220904 00:04:13.491" endtime="20220904 00:04:13.492"/>
</kw>
<status status="PASS" starttime="20220904 00:04:13.490" endtime="20220904 00:04:13.492"/>
</iter>
<iter>
<var name="${key}">list</var>
<kw name="Log" library="BuiltIn">
<arg>${key}=${DICTIONARY}[${key}]</arg>
<doc>Logs the given message with the given level.</doc>
<msg timestamp="20220904 00:04:13.493" level="INFO">list=['Ron', 'Gary', 'Mark', 'Una', 'Lucy', 'Joan', 'Sam', 'Sorott']</msg>
<status status="PASS" starttime="20220904 00:04:13.492" endtime="20220904 00:04:13.493"/>
</kw>
<status status="PASS" starttime="20220904 00:04:13.492" endtime="20220904 00:04:13.493"/>
</iter>
<status status="PASS" starttime="20220904 00:04:13.489" endtime="20220904 00:04:13.493"/>
</for>
<kw name="Log" library="BuiltIn">
<arg>${DICTIONARY}[string]</arg>
<doc>Logs the given message with the given level.</doc>
<msg timestamp="20220904 00:04:13.495" level="INFO">Mark</msg>
<status status="PASS" starttime="20220904 00:04:13.494" endtime="20220904 00:04:13.495"/>
</kw>
<kw name="Log" library="BuiltIn">
<arg>${DICTIONARY}[number]</arg>
<doc>Logs the given message with the given level.</doc>
<msg timestamp="20220904 00:04:13.497" level="INFO">718</msg>
<status status="PASS" starttime="20220904 00:04:13.497" endtime="20220904 00:04:13.497"/>
</kw>
<kw name="Log" library="BuiltIn">
<arg>${DICTIONARY}[list]</arg>
<doc>Logs the given message with the given level.</doc>
<msg timestamp="20220904 00:04:13.499" level="INFO">['Ron', 'Gary', 'Mark', 'Una', 'Lucy', 'Joan', 'Sam', 'Sorott']</msg>
<status status="PASS" starttime="20220904 00:04:13.499" endtime="20220904 00:04:13.499"/>
</kw>
<tag>Mark</tag>
<tag>Ron</tag>
<status status="PASS" starttime="20220904 00:04:13.482" endtime="20220904 00:04:13.501"/>
</test>
<test id="s1-s3-t5" name="印出 0 - 9" line="75">
<for flavor="IN RANGE">
<var>${index}</var>
<value>10</value>
<iter>
<var name="${index}">0</var>
<kw name="Log" library="BuiltIn">
<arg>${index}</arg>
<doc>Logs the given message with the given level.</doc>
<msg timestamp="20220904 00:04:13.504" level="INFO">0</msg>
<status status="PASS" starttime="20220904 00:04:13.504" endtime="20220904 00:04:13.504"/>
</kw>
<status status="PASS" starttime="20220904 00:04:13.504" endtime="20220904 00:04:13.504"/>
</iter>
<iter>
<var name="${index}">1</var>
<kw name="Log" library="BuiltIn">
<arg>${index}</arg>
<doc>Logs the given message with the given level.</doc>
<msg timestamp="20220904 00:04:13.505" level="INFO">1</msg>
<status status="PASS" starttime="20220904 00:04:13.505" endtime="20220904 00:04:13.505"/>
</kw>
<status status="PASS" starttime="20220904 00:04:13.504" endtime="20220904 00:04:13.505"/>
</iter>
<iter>
<var name="${index}">2</var>
<kw name="Log" library="BuiltIn">
<arg>${index}</arg>
<doc>Logs the given message with the given level.</doc>
<msg timestamp="20220904 00:04:13.506" level="INFO">2</msg>
<status status="PASS" starttime="20220904 00:04:13.506" endtime="20220904 00:04:13.506"/>
</kw>
<status status="PASS" starttime="20220904 00:04:13.506" endtime="20220904 00:04:13.506"/>
</iter>
<iter>
<var name="${index}">3</var>
<kw name="Log" library="BuiltIn">
<arg>${index}</arg>
<doc>Logs the given message with the given level.</doc>
<msg timestamp="20220904 00:04:13.507" level="INFO">3</msg>
<status status="PASS" starttime="20220904 00:04:13.507" endtime="20220904 00:04:13.507"/>
</kw>
<status status="PASS" starttime="20220904 00:04:13.507" endtime="20220904 00:04:13.507"/>
</iter>
<iter>
<var name="${index}">4</var>
<kw name="Log" library="BuiltIn">
<arg>${index}</arg>
<doc>Logs the given message with the given level.</doc>
<msg timestamp="20220904 00:04:13.508" level="INFO">4</msg>
<status status="PASS" starttime="20220904 00:04:13.507" endtime="20220904 00:04:13.508"/>
</kw>
<status status="PASS" starttime="20220904 00:04:13.507" endtime="20220904 00:04:13.508"/>
</iter>
<iter>
<var name="${index}">5</var>
<kw name="Log" library="BuiltIn">
<arg>${index}</arg>
<doc>Logs the given message with the given level.</doc>
<msg timestamp="20220904 00:04:13.510" level="INFO">5</msg>
<status status="PASS" starttime="20220904 00:04:13.509" endtime="20220904 00:04:13.510"/>
</kw>
<status status="PASS" starttime="20220904 00:04:13.508" endtime="20220904 00:04:13.510"/>
</iter>
<iter>
<var name="${index}">6</var>
<kw name="Log" library="BuiltIn">
<arg>${index}</arg>
<doc>Logs the given message with the given level.</doc>
<msg timestamp="20220904 00:04:13.511" level="INFO">6</msg>
<status status="PASS" starttime="20220904 00:04:13.511" endtime="20220904 00:04:13.511"/>
</kw>
<status status="PASS" starttime="20220904 00:04:13.511" endtime="20220904 00:04:13.511"/>
</iter>
<iter>
<var name="${index}">7</var>
<kw name="Log" library="BuiltIn">
<arg>${index}</arg>
<doc>Logs the given message with the given level.</doc>
<msg timestamp="20220904 00:04:13.512" level="INFO">7</msg>
<status status="PASS" starttime="20220904 00:04:13.512" endtime="20220904 00:04:13.513"/>
</kw>
<status status="PASS" starttime="20220904 00:04:13.511" endtime="20220904 00:04:13.513"/>
</iter>
<iter>
<var name="${index}">8</var>
<kw name="Log" library="BuiltIn">
<arg>${index}</arg>
<doc>Logs the given message with the given level.</doc>
<msg timestamp="20220904 00:04:13.514" level="INFO">8</msg>
<status status="PASS" starttime="20220904 00:04:13.513" endtime="20220904 00:04:13.514"/>
</kw>
<status status="PASS" starttime="20220904 00:04:13.513" endtime="20220904 00:04:13.514"/>
</iter>
<iter>
<var name="${index}">9</var>
<kw name="Log" library="BuiltIn">
<arg>${index}</arg>
<doc>Logs the given message with the given level.</doc>
<msg timestamp="20220904 00:04:13.517" level="INFO">9</msg>
<status status="PASS" starttime="20220904 00:04:13.514" endtime="20220904 00:04:13.519"/>
</kw>
<status status="PASS" starttime="20220904 00:04:13.514" endtime="20220904 00:04:13.519"/>
</iter>
<status status="PASS" starttime="20220904 00:04:13.503" endtime="20220904 00:04:13.519"/>
</for>
<tag>Gary</tag>
<status status="PASS" starttime="20220904 00:04:13.503" endtime="20220904 00:04:13.521"/>
</test>
<doc>A simple for loop example.</doc>
<status status="FAIL" starttime="20220904 00:04:13.428" endtime="20220904 00:04:13.525"/>
</suite>
<status status="FAIL" starttime="20220904 00:04:04.279" endtime="20220904 00:04:13.530"/>
</suite>
<statistics>
<total>
<stat pass="10" fail="2" skip="0">All Tests</stat>
</total>
<tag>
<stat pass="1" fail="0" skip="0">chrome</stat>
<stat pass="2" fail="0" skip="0">Gary</stat>
<stat pass="2" fail="0" skip="0">Mark</stat>
<stat pass="6" fail="2" skip="0">Ron</stat>
<stat pass="1" fail="0" skip="0">smoke</stat>
</tag>
<suite>
<stat pass="10" fail="2" skip="0" id="s1" name="Tests">Tests</stat>
<stat pass="2" fail="0" skip="0" id="s1-s1" name="Header">Tests.Header</stat>
<stat pass="4" fail="1" skip="0" id="s1-s2" name="Index">Tests.Index</stat>
<stat pass="4" fail="1" skip="0" id="s1-s3" name="Login">Tests.Login</stat>
</suite>
</statistics>
<errors>
</errors>
</robot>
